<?xml version="1.0" encoding="UTF-8"?>
<coverage generated="1750403980821" clover="3.2.0">
  <project timestamp="1750403980823" name="All files">
    <metrics statements="14" coveredstatements="14" conditionals="12" coveredconditionals="12" methods="7" coveredmethods="7" elements="33" coveredelements="33" complexity="0" loc="14" ncloc="14" packages="1" files="1" classes="1"/>
    <file name="cart.js" path="D:\workspace\aiTuts\week_3\cart.js">
      <metrics statements="14" coveredstatements="14" conditionals="12" coveredconditionals="12" methods="7" coveredmethods="7"/>
      <line num="9" count="8" type="stmt"/>
      <line num="17" count="13" type="cond" truecount="2" falsecount="0"/>
      <line num="25" count="3" type="stmt"/>
      <line num="27" count="10" type="stmt"/>
      <line num="37" count="4" type="cond" truecount="2" falsecount="0"/>
      <line num="38" count="1" type="stmt"/>
      <line num="40" count="4" type="stmt"/>
      <line num="41" count="3" type="cond" truecount="2" falsecount="0"/>
      <line num="42" count="1" type="stmt"/>
      <line num="44" count="2" type="stmt"/>
      <line num="52" count="6" type="stmt"/>
      <line num="60" count="5" type="stmt"/>
      <line num="63" count="8" type="stmt"/>
      <line num="66" count="1" type="stmt"/>
    </file>
  </project>
</coverage>
