{"D:\\workspace\\aiTuts\\week_3\\cart.js": {"path":"D:\\workspace\\aiTuts\\week_3\\cart.js","statementMap":{"0":{"start":{"line":9,"column":14},"end":{"line":9,"column":16}},"1":{"start":{"line":17,"column":4},"end":{"line":26,"column":5}},"2":{"start":{"line":25,"column":6},"end":{"line":25,"column":105}},"3":{"start":{"line":27,"column":4},"end":{"line":27,"column":21}},"4":{"start":{"line":37,"column":4},"end":{"line":39,"column":5}},"5":{"start":{"line":38,"column":6},"end":{"line":38,"column":53}},"6":{"start":{"line":40,"column":18},"end":{"line":40,"column":61}},"7":{"start":{"line":40,"column":42},"end":{"line":40,"column":60}},"8":{"start":{"line":41,"column":4},"end":{"line":43,"column":5}},"9":{"start":{"line":42,"column":6},"end":{"line":42,"column":66}},"10":{"start":{"line":44,"column":4},"end":{"line":44,"column":27}},"11":{"start":{"line":52,"column":4},"end":{"line":52,"column":22}},"12":{"start":{"line":60,"column":4},"end":{"line":60,"column":60}},"13":{"start":{"line":60,"column":39},"end":{"line":60,"column":55}},"14":{"start":{"line":63,"column":2},"end":{"line":63,"column":53}},"15":{"start":{"line":66,"column":0},"end":{"line":66,"column":32}}},"fnMap":{"0":{"name":"createCart","decl":{"start":{"line":8,"column":9},"end":{"line":8,"column":19}},"loc":{"start":{"line":8,"column":22},"end":{"line":64,"column":1}},"line":8},"1":{"name":"addItem","decl":{"start":{"line":16,"column":11},"end":{"line":16,"column":18}},"loc":{"start":{"line":16,"column":25},"end":{"line":28,"column":3}},"line":16},"2":{"name":"removeItem","decl":{"start":{"line":36,"column":11},"end":{"line":36,"column":21}},"loc":{"start":{"line":36,"column":30},"end":{"line":45,"column":3}},"line":36},"3":{"name":"(anonymous_3)","decl":{"start":{"line":40,"column":34},"end":{"line":40,"column":35}},"loc":{"start":{"line":40,"column":42},"end":{"line":40,"column":60}},"line":40},"4":{"name":"getItems","decl":{"start":{"line":51,"column":11},"end":{"line":51,"column":19}},"loc":{"start":{"line":51,"column":22},"end":{"line":53,"column":3}},"line":51},"5":{"name":"getTotal","decl":{"start":{"line":59,"column":11},"end":{"line":59,"column":19}},"loc":{"start":{"line":59,"column":22},"end":{"line":61,"column":3}},"line":59},"6":{"name":"(anonymous_6)","decl":{"start":{"line":60,"column":24},"end":{"line":60,"column":25}},"loc":{"start":{"line":60,"column":39},"end":{"line":60,"column":55}},"line":60}},"branchMap":{"0":{"loc":{"start":{"line":17,"column":4},"end":{"line":26,"column":5}},"type":"if","locations":[{"start":{"line":17,"column":4},"end":{"line":26,"column":5}},{"start":{},"end":{}}],"line":17},"1":{"loc":{"start":{"line":18,"column":6},"end":{"line":23,"column":20}},"type":"binary-expr","locations":[{"start":{"line":18,"column":6},"end":{"line":18,"column":30}},{"start":{"line":19,"column":6},"end":{"line":19,"column":19}},{"start":{"line":20,"column":6},"end":{"line":20,"column":33}},{"start":{"line":21,"column":6},"end":{"line":21,"column":35}},{"start":{"line":22,"column":6},"end":{"line":22,"column":36}},{"start":{"line":23,"column":6},"end":{"line":23,"column":20}}],"line":18},"2":{"loc":{"start":{"line":37,"column":4},"end":{"line":39,"column":5}},"type":"if","locations":[{"start":{"line":37,"column":4},"end":{"line":39,"column":5}},{"start":{},"end":{}}],"line":37},"3":{"loc":{"start":{"line":41,"column":4},"end":{"line":43,"column":5}},"type":"if","locations":[{"start":{"line":41,"column":4},"end":{"line":43,"column":5}},{"start":{},"end":{}}],"line":41}},"s":{"0":8,"1":13,"2":3,"3":10,"4":4,"5":1,"6":3,"7":4,"8":3,"9":1,"10":2,"11":6,"12":2,"13":5,"14":8,"15":1},"f":{"0":8,"1":13,"2":4,"3":4,"4":6,"5":2,"6":5},"b":{"0":[3,10],"1":[13,13,12,10,10,10],"2":[1,3],"3":[1,2]},"_coverageSchema":"1a1c01bbd47fc00a2c39e90264f33305004495a9","hash":"052aef786758ba17e684093bf909e6a86ab23ebb"}
}
