TN:
SF:cart.js
FN:8,createCart
FN:16,addItem
FN:36,removeItem
FN:40,(anonymous_3)
FN:51,getItems
FN:59,getTotal
FN:60,(anonymous_6)
FNF:7
FNH:7
FNDA:8,createCart
FNDA:13,addItem
FNDA:4,removeItem
FNDA:4,(anonymous_3)
FNDA:6,getItems
FNDA:2,getTotal
FNDA:5,(anonymous_6)
DA:9,8
DA:17,13
DA:25,3
DA:27,10
DA:37,4
DA:38,1
DA:40,4
DA:41,3
DA:42,1
DA:44,2
DA:52,6
DA:60,5
DA:63,8
DA:66,1
LF:14
LH:14
BRDA:17,0,0,3
BRDA:17,0,1,10
BRDA:18,1,0,13
BRDA:18,1,1,13
BRDA:18,1,2,12
BRDA:18,1,3,10
BRDA:18,1,4,10
BRDA:18,1,5,10
BRDA:37,2,0,1
BRDA:37,2,1,3
BRDA:41,3,0,1
BRDA:41,3,1,2
BRF:12
BRH:12
end_of_record
