{"D:\\workspace\\aiTasks\\src\\app.ts": {"path":"D:\\workspace\\aiTasks\\src\\app.ts","statementMap":{"0":{"start":{"line":1,"column":0},"end":{"line":1,"column":30}},"1":{"start":{"line":2,"column":0},"end":{"line":2,"column":28}},"2":{"start":{"line":3,"column":0},"end":{"line":3,"column":45}},"3":{"start":{"line":4,"column":0},"end":{"line":4,"column":59}},"4":{"start":{"line":5,"column":0},"end":{"line":5,"column":57}},"5":{"start":{"line":6,"column":0},"end":{"line":6,"column":51}},"6":{"start":{"line":7,"column":0},"end":{"line":7,"column":49}},"7":{"start":{"line":8,"column":0},"end":{"line":8,"column":49}},"8":{"start":{"line":9,"column":0},"end":{"line":9,"column":47}},"9":{"start":{"line":10,"column":0},"end":{"line":10,"column":37}},"10":{"start":{"line":11,"column":0},"end":{"line":11,"column":43}},"11":{"start":{"line":12,"column":0},"end":{"line":12,"column":26}},"12":{"start":{"line":14,"column":0},"end":{"line":14,"column":16}},"13":{"start":{"line":16,"column":12},"end":{"line":16,"column":21}},"14":{"start":{"line":17,"column":13},"end":{"line":17,"column":37}},"15":{"start":{"line":20,"column":0},"end":{"line":20,"column":24}},"16":{"start":{"line":23,"column":0},"end":{"line":23,"column":29}},"17":{"start":{"line":24,"column":0},"end":{"line":24,"column":27}},"18":{"start":{"line":25,"column":0},"end":{"line":25,"column":32}},"19":{"start":{"line":26,"column":0},"end":{"line":26,"column":31}},"20":{"start":{"line":27,"column":0},"end":{"line":27,"column":28}},"21":{"start":{"line":28,"column":0},"end":{"line":28,"column":27}},"22":{"start":{"line":31,"column":0},"end":{"line":33,"column":3}},"23":{"start":{"line":32,"column":4},"end":{"line":32,"column":36}},"24":{"start":{"line":36,"column":0},"end":{"line":38,"column":3}},"25":{"start":{"line":37,"column":4},"end":{"line":37,"column":56}},"26":{"start":{"line":41,"column":0},"end":{"line":43,"column":3}},"27":{"start":{"line":42,"column":4},"end":{"line":42,"column":38}},"28":{"start":{"line":45,"column":0},"end":{"line":45,"column":46}},"29":{"start":{"line":46,"column":0},"end":{"line":46,"column":44}},"30":{"start":{"line":49,"column":24},"end":{"line":49,"column":56}},"31":{"start":{"line":50,"column":0},"end":{"line":50,"column":72}},"32":{"start":{"line":53,"column":0},"end":{"line":57,"column":1}},"33":{"start":{"line":54,"column":2},"end":{"line":56,"column":86}},"34":{"start":{"line":55,"column":16},"end":{"line":55,"column":79}},"35":{"start":{"line":56,"column":22},"end":{"line":56,"column":84}},"36":{"start":{"line":60,"column":0},"end":{"line":62,"column":3}},"37":{"start":{"line":61,"column":2},"end":{"line":61,"column":49}},"38":{"start":{"line":65,"column":0},"end":{"line":71,"column":3}},"39":{"start":{"line":66,"column":2},"end":{"line":66,"column":20}},"40":{"start":{"line":67,"column":2},"end":{"line":70,"column":5}},"41":{"start":{"line":74,"column":0},"end":{"line":74,"column":19}}},"fnMap":{"0":{"name":"(anonymous_1)","decl":{"start":{"line":31,"column":13},"end":{"line":31,"column":14}},"loc":{"start":{"line":31,"column":26},"end":{"line":33,"column":1}}},"1":{"name":"(anonymous_2)","decl":{"start":{"line":36,"column":25},"end":{"line":36,"column":26}},"loc":{"start":{"line":36,"column":38},"end":{"line":38,"column":1}}},"2":{"name":"(anonymous_3)","decl":{"start":{"line":41,"column":17},"end":{"line":41,"column":18}},"loc":{"start":{"line":41,"column":30},"end":{"line":43,"column":1}}},"3":{"name":"(anonymous_4)","decl":{"start":{"line":55,"column":10},"end":{"line":55,"column":13}},"loc":{"start":{"line":55,"column":16},"end":{"line":55,"column":79}}},"4":{"name":"(anonymous_5)","decl":{"start":{"line":56,"column":11},"end":{"line":56,"column":12}},"loc":{"start":{"line":56,"column":22},"end":{"line":56,"column":84}}},"5":{"name":"(anonymous_6)","decl":{"start":{"line":60,"column":8},"end":{"line":60,"column":9}},"loc":{"start":{"line":60,"column":27},"end":{"line":62,"column":1}}},"6":{"name":"(anonymous_7)","decl":{"start":{"line":65,"column":8},"end":{"line":65,"column":9}},"loc":{"start":{"line":65,"column":94},"end":{"line":71,"column":1}}}},"branchMap":{"0":{"loc":{"start":{"line":17,"column":13},"end":{"line":17,"column":37}},"type":"binary-expr","locations":[{"start":{"line":17,"column":13},"end":{"line":17,"column":29}},{"start":{"line":17,"column":33},"end":{"line":17,"column":37}}]},"1":{"loc":{"start":{"line":53,"column":0},"end":{"line":57,"column":1}},"type":"if","locations":[{"start":{"line":53,"column":0},"end":{"line":57,"column":1}}]},"2":{"loc":{"start":{"line":67,"column":13},"end":{"line":67,"column":30}},"type":"binary-expr","locations":[{"start":{"line":67,"column":13},"end":{"line":67,"column":23}},{"start":{"line":67,"column":27},"end":{"line":67,"column":30}}]},"3":{"loc":{"start":{"line":68,"column":13},"end":{"line":68,"column":51}},"type":"binary-expr","locations":[{"start":{"line":68,"column":13},"end":{"line":68,"column":24}},{"start":{"line":68,"column":28},"end":{"line":68,"column":51}}]},"4":{"loc":{"start":{"line":69,"column":11},"end":{"line":69,"column":67}},"type":"cond-expr","locations":[{"start":{"line":69,"column":52},"end":{"line":69,"column":55}},{"start":{"line":69,"column":58},"end":{"line":69,"column":67}}]}},"s":{"0":4,"1":4,"2":4,"3":4,"4":4,"5":4,"6":4,"7":4,"8":4,"9":4,"10":4,"11":4,"12":4,"13":4,"14":4,"15":4,"16":4,"17":4,"18":4,"19":4,"20":4,"21":4,"22":4,"23":0,"24":4,"25":0,"26":4,"27":0,"28":4,"29":4,"30":4,"31":4,"32":4,"33":0,"34":0,"35":0,"36":4,"37":0,"38":4,"39":0,"40":0,"41":4},"f":{"0":0,"1":0,"2":0,"3":0,"4":0,"5":0,"6":0},"b":{"0":[4,4],"1":[0],"2":[0,0],"3":[0,0],"4":[0,0]}}
,"D:\\workspace\\aiTasks\\src\\config\\authMiddleware.ts": {"path":"D:\\workspace\\aiTasks\\src\\config\\authMiddleware.ts","statementMap":{"0":{"start":{"line":2,"column":0},"end":{"line":2,"column":36}},"1":{"start":{"line":8,"column":28},"end":{"line":26,"column":1}},"2":{"start":{"line":9,"column":23},"end":{"line":9,"column":48}},"3":{"start":{"line":11,"column":4},"end":{"line":14,"column":5}},"4":{"start":{"line":12,"column":8},"end":{"line":12,"column":77}},"5":{"start":{"line":13,"column":8},"end":{"line":13,"column":15}},"6":{"start":{"line":16,"column":18},"end":{"line":16,"column":42}},"7":{"start":{"line":17,"column":20},"end":{"line":17,"column":38}},"8":{"start":{"line":19,"column":4},"end":{"line":22,"column":5}},"9":{"start":{"line":20,"column":8},"end":{"line":20,"column":73}},"10":{"start":{"line":21,"column":8},"end":{"line":21,"column":15}},"11":{"start":{"line":24,"column":4},"end":{"line":24,"column":23}},"12":{"start":{"line":25,"column":4},"end":{"line":25,"column":11}},"13":{"start":{"line":8,"column":13},"end":{"line":8,"column":28}}},"fnMap":{"0":{"name":"(anonymous_0)","decl":{"start":{"line":8,"column":28},"end":{"line":8,"column":29}},"loc":{"start":{"line":8,"column":99},"end":{"line":26,"column":1}}}},"branchMap":{"0":{"loc":{"start":{"line":11,"column":4},"end":{"line":14,"column":5}},"type":"if","locations":[{"start":{"line":11,"column":4},"end":{"line":14,"column":5}}]},"1":{"loc":{"start":{"line":11,"column":8},"end":{"line":11,"column":56}},"type":"binary-expr","locations":[{"start":{"line":11,"column":8},"end":{"line":11,"column":19}},{"start":{"line":11,"column":23},"end":{"line":11,"column":56}}]},"2":{"loc":{"start":{"line":19,"column":4},"end":{"line":22,"column":5}},"type":"if","locations":[{"start":{"line":19,"column":4},"end":{"line":22,"column":5}}]}},"s":{"0":4,"1":4,"2":0,"3":0,"4":0,"5":0,"6":0,"7":0,"8":0,"9":0,"10":0,"11":0,"12":0,"13":4},"f":{"0":0},"b":{"0":[0],"1":[0,0],"2":[0]}}
,"D:\\workspace\\aiTasks\\src\\config\\database.ts": {"path":"D:\\workspace\\aiTasks\\src\\config\\database.ts","statementMap":{"0":{"start":{"line":1,"column":0},"end":{"line":1,"column":38}},"1":{"start":{"line":2,"column":0},"end":{"line":2,"column":24}},"2":{"start":{"line":4,"column":18},"end":{"line":8,"column":2}},"3":{"start":{"line":10,"column":0},"end":{"line":10,"column":25}}},"fnMap":{},"branchMap":{},"s":{"0":5,"1":5,"2":5,"3":5},"f":{},"b":{}}
,"D:\\workspace\\aiTasks\\src\\config\\jwt.ts": {"path":"D:\\workspace\\aiTasks\\src\\config\\jwt.ts","statementMap":{"0":{"start":{"line":1,"column":0},"end":{"line":1,"column":47}},"1":{"start":{"line":2,"column":0},"end":{"line":2,"column":28}},"2":{"start":{"line":4,"column":0},"end":{"line":4,"column":16}},"3":{"start":{"line":6,"column":19},"end":{"line":6,"column":61}},"4":{"start":{"line":7,"column":23},"end":{"line":7,"column":27}},"5":{"start":{"line":8,"column":33},"end":{"line":8,"column":37}},"6":{"start":{"line":10,"column":35},"end":{"line":12,"column":1}},"7":{"start":{"line":11,"column":4},"end":{"line":11,"column":72}},"8":{"start":{"line":10,"column":13},"end":{"line":10,"column":35}},"9":{"start":{"line":14,"column":36},"end":{"line":16,"column":1}},"10":{"start":{"line":15,"column":4},"end":{"line":15,"column":82}},"11":{"start":{"line":14,"column":13},"end":{"line":14,"column":36}},"12":{"start":{"line":18,"column":27},"end":{"line":25,"column":1}},"13":{"start":{"line":19,"column":4},"end":{"line":24,"column":5}},"14":{"start":{"line":20,"column":24},"end":{"line":20,"column":53}},"15":{"start":{"line":21,"column":8},"end":{"line":21,"column":60}},"16":{"start":{"line":23,"column":8},"end":{"line":23,"column":20}},"17":{"start":{"line":18,"column":13},"end":{"line":18,"column":27}}},"fnMap":{"0":{"name":"(anonymous_1)","decl":{"start":{"line":10,"column":35},"end":{"line":10,"column":36}},"loc":{"start":{"line":10,"column":63},"end":{"line":12,"column":1}}},"1":{"name":"(anonymous_2)","decl":{"start":{"line":14,"column":36},"end":{"line":14,"column":37}},"loc":{"start":{"line":14,"column":64},"end":{"line":16,"column":1}}},"2":{"name":"(anonymous_3)","decl":{"start":{"line":18,"column":27},"end":{"line":18,"column":28}},"loc":{"start":{"line":18,"column":64},"end":{"line":25,"column":1}}}},"branchMap":{"0":{"loc":{"start":{"line":6,"column":19},"end":{"line":6,"column":61}},"type":"binary-expr","locations":[{"start":{"line":6,"column":19},"end":{"line":6,"column":41}},{"start":{"line":6,"column":45},"end":{"line":6,"column":61}}]},"1":{"loc":{"start":{"line":21,"column":15},"end":{"line":21,"column":59}},"type":"cond-expr","locations":[{"start":{"line":21,"column":45},"end":{"line":21,"column":52}},{"start":{"line":21,"column":55},"end":{"line":21,"column":59}}]}},"s":{"0":4,"1":4,"2":4,"3":4,"4":4,"5":4,"6":4,"7":0,"8":4,"9":4,"10":0,"11":4,"12":4,"13":0,"14":0,"15":0,"16":0,"17":4},"f":{"0":0,"1":0,"2":0},"b":{"0":[4,4],"1":[0,0]}}
,"D:\\workspace\\aiTasks\\src\\config\\logger.ts": {"path":"D:\\workspace\\aiTasks\\src\\config\\logger.ts","statementMap":{"0":{"start":{"line":1,"column":0},"end":{"line":1,"column":59}},"1":{"start":{"line":3,"column":15},"end":{"line":15,"column":2}},"2":{"start":{"line":17,"column":0},"end":{"line":17,"column":22}}},"fnMap":{},"branchMap":{},"s":{"0":4,"1":4,"2":4},"f":{},"b":{}}
,"D:\\workspace\\aiTasks\\src\\config\\redis.ts": {"path":"D:\\workspace\\aiTasks\\src\\config\\redis.ts","statementMap":{"0":{"start":{"line":1,"column":0},"end":{"line":1,"column":28}},"1":{"start":{"line":3,"column":14},"end":{"line":7,"column":2}},"2":{"start":{"line":9,"column":0},"end":{"line":9,"column":21}}},"fnMap":{},"branchMap":{},"s":{"0":4,"1":4,"2":4},"f":{},"b":{}}
,"D:\\workspace\\aiTasks\\src\\models\\Booking.ts": {"path":"D:\\workspace\\aiTasks\\src\\models\\Booking.ts","statementMap":{"0":{"start":{"line":1,"column":0},"end":{"line":1,"column":45}},"1":{"start":{"line":2,"column":0},"end":{"line":2,"column":43}},"2":{"start":{"line":14,"column":0},"end":{"line":56,"column":2}},"3":{"start":{"line":58,"column":0},"end":{"line":58,"column":23}}},"fnMap":{},"branchMap":{},"s":{"0":4,"1":4,"2":4,"3":4},"f":{},"b":{}}
,"D:\\workspace\\aiTasks\\src\\models\\Destination.ts": {"path":"D:\\workspace\\aiTasks\\src\\models\\Destination.ts","statementMap":{"0":{"start":{"line":1,"column":0},"end":{"line":1,"column":45}},"1":{"start":{"line":2,"column":0},"end":{"line":2,"column":43}},"2":{"start":{"line":12,"column":0},"end":{"line":54,"column":2}},"3":{"start":{"line":56,"column":0},"end":{"line":56,"column":27}}},"fnMap":{},"branchMap":{},"s":{"0":5,"1":5,"2":5,"3":5},"f":{},"b":{}}
,"D:\\workspace\\aiTasks\\src\\models\\Experience.ts": {"path":"D:\\workspace\\aiTasks\\src\\models\\Experience.ts","statementMap":{"0":{"start":{"line":1,"column":0},"end":{"line":1,"column":45}},"1":{"start":{"line":2,"column":0},"end":{"line":2,"column":43}},"2":{"start":{"line":16,"column":0},"end":{"line":66,"column":2}},"3":{"start":{"line":68,"column":0},"end":{"line":68,"column":26}}},"fnMap":{},"branchMap":{},"s":{"0":4,"1":4,"2":4,"3":4},"f":{},"b":{}}
,"D:\\workspace\\aiTasks\\src\\models\\Review.ts": {"path":"D:\\workspace\\aiTasks\\src\\models\\Review.ts","statementMap":{"0":{"start":{"line":1,"column":0},"end":{"line":1,"column":45}},"1":{"start":{"line":2,"column":0},"end":{"line":2,"column":43}},"2":{"start":{"line":14,"column":0},"end":{"line":59,"column":2}},"3":{"start":{"line":61,"column":0},"end":{"line":61,"column":22}}},"fnMap":{},"branchMap":{},"s":{"0":4,"1":4,"2":4,"3":4},"f":{},"b":{}}
,"D:\\workspace\\aiTasks\\src\\models\\User.ts": {"path":"D:\\workspace\\aiTasks\\src\\models\\User.ts","statementMap":{"0":{"start":{"line":1,"column":0},"end":{"line":1,"column":45}},"1":{"start":{"line":2,"column":0},"end":{"line":2,"column":43}},"2":{"start":{"line":13,"column":0},"end":{"line":47,"column":2}},"3":{"start":{"line":49,"column":0},"end":{"line":49,"column":20}}},"fnMap":{},"branchMap":{},"s":{"0":5,"1":5,"2":5,"3":5},"f":{},"b":{}}
,"D:\\workspace\\aiTasks\\src\\routes\\authRoutes.ts": {"path":"D:\\workspace\\aiTasks\\src\\routes\\authRoutes.ts","statementMap":{"0":{"start":{"line":1,"column":0},"end":{"line":1,"column":53}},"1":{"start":{"line":2,"column":0},"end":{"line":2,"column":28}},"2":{"start":{"line":3,"column":0},"end":{"line":3,"column":87}},"3":{"start":{"line":4,"column":0},"end":{"line":4,"column":34}},"4":{"start":{"line":5,"column":0},"end":{"line":5,"column":56}},"5":{"start":{"line":7,"column":15},"end":{"line":7,"column":31}},"6":{"start":{"line":10,"column":0},"end":{"line":26,"column":3}},"7":{"start":{"line":10,"column":78},"end":{"line":26,"column":2}},"8":{"start":{"line":11,"column":32},"end":{"line":11,"column":40}},"9":{"start":{"line":13,"column":4},"end":{"line":16,"column":5}},"10":{"start":{"line":14,"column":8},"end":{"line":14,"column":77}},"11":{"start":{"line":15,"column":8},"end":{"line":15,"column":15}},"12":{"start":{"line":18,"column":27},"end":{"line":18,"column":58}},"13":{"start":{"line":20,"column":4},"end":{"line":25,"column":5}},"14":{"start":{"line":21,"column":21},"end":{"line":21,"column":80}},"15":{"start":{"line":22,"column":8},"end":{"line":22,"column":80}},"16":{"start":{"line":24,"column":8},"end":{"line":24,"column":75}},"17":{"start":{"line":29,"column":0},"end":{"line":48,"column":3}},"18":{"start":{"line":29,"column":75},"end":{"line":48,"column":2}},"19":{"start":{"line":30,"column":32},"end":{"line":30,"column":40}},"20":{"start":{"line":32,"column":4},"end":{"line":35,"column":5}},"21":{"start":{"line":33,"column":8},"end":{"line":33,"column":77}},"22":{"start":{"line":34,"column":8},"end":{"line":34,"column":15}},"23":{"start":{"line":37,"column":17},"end":{"line":37,"column":57}},"24":{"start":{"line":39,"column":4},"end":{"line":42,"column":5}},"25":{"start":{"line":40,"column":8},"end":{"line":40,"column":71}},"26":{"start":{"line":41,"column":8},"end":{"line":41,"column":15}},"27":{"start":{"line":44,"column":24},"end":{"line":44,"column":79}},"28":{"start":{"line":45,"column":25},"end":{"line":45,"column":81}},"29":{"start":{"line":47,"column":4},"end":{"line":47,"column":44}},"30":{"start":{"line":51,"column":0},"end":{"line":68,"column":3}},"31":{"start":{"line":52,"column":29},"end":{"line":52,"column":37}},"32":{"start":{"line":54,"column":4},"end":{"line":57,"column":5}},"33":{"start":{"line":55,"column":8},"end":{"line":55,"column":71}},"34":{"start":{"line":56,"column":8},"end":{"line":56,"column":15}},"35":{"start":{"line":59,"column":20},"end":{"line":59,"column":45}},"36":{"start":{"line":61,"column":4},"end":{"line":64,"column":5}},"37":{"start":{"line":62,"column":8},"end":{"line":62,"column":67}},"38":{"start":{"line":63,"column":8},"end":{"line":63,"column":15}},"39":{"start":{"line":66,"column":24},"end":{"line":66,"column":85}},"40":{"start":{"line":67,"column":4},"end":{"line":67,"column":30}},"41":{"start":{"line":71,"column":0},"end":{"line":88,"column":3}},"42":{"start":{"line":71,"column":92},"end":{"line":88,"column":2}},"43":{"start":{"line":72,"column":19},"end":{"line":72,"column":29}},"44":{"start":{"line":74,"column":4},"end":{"line":87,"column":5}},"45":{"start":{"line":75,"column":21},"end":{"line":77,"column":10}},"46":{"start":{"line":79,"column":8},"end":{"line":82,"column":9}},"47":{"start":{"line":80,"column":12},"end":{"line":80,"column":64}},"48":{"start":{"line":81,"column":12},"end":{"line":81,"column":19}},"49":{"start":{"line":84,"column":8},"end":{"line":84,"column":23}},"50":{"start":{"line":86,"column":8},"end":{"line":86,"column":74}},"51":{"start":{"line":91,"column":0},"end":{"line":108,"column":3}},"52":{"start":{"line":91,"column":92},"end":{"line":108,"column":2}},"53":{"start":{"line":92,"column":19},"end":{"line":92,"column":29}},"54":{"start":{"line":93,"column":52},"end":{"line":93,"column":60}},"55":{"start":{"line":95,"column":4},"end":{"line":107,"column":5}},"56":{"start":{"line":96,"column":21},"end":{"line":96,"column":44}},"57":{"start":{"line":98,"column":8},"end":{"line":101,"column":9}},"58":{"start":{"line":99,"column":12},"end":{"line":99,"column":64}},"59":{"start":{"line":100,"column":12},"end":{"line":100,"column":19}},"60":{"start":{"line":103,"column":8},"end":{"line":103,"column":67}},"61":{"start":{"line":104,"column":8},"end":{"line":104,"column":68}},"62":{"start":{"line":106,"column":8},"end":{"line":106,"column":75}},"63":{"start":{"line":110,"column":0},"end":{"line":110,"column":22}}},"fnMap":{"0":{"name":"(anonymous_8)","decl":{"start":{"line":10,"column":25},"end":{"line":10,"column":32}},"loc":{"start":{"line":10,"column":78},"end":{"line":26,"column":2}}},"1":{"name":"(anonymous_9)","decl":{"start":{"line":10,"column":78},"end":{"line":10,"column":null}},"loc":{"start":{"line":10,"column":78},"end":{"line":26,"column":1}}},"2":{"name":"(anonymous_10)","decl":{"start":{"line":29,"column":22},"end":{"line":29,"column":29}},"loc":{"start":{"line":29,"column":75},"end":{"line":48,"column":2}}},"3":{"name":"(anonymous_11)","decl":{"start":{"line":29,"column":75},"end":{"line":29,"column":null}},"loc":{"start":{"line":29,"column":75},"end":{"line":48,"column":1}}},"4":{"name":"(anonymous_12)","decl":{"start":{"line":51,"column":24},"end":{"line":51,"column":25}},"loc":{"start":{"line":51,"column":62},"end":{"line":68,"column":1}}},"5":{"name":"(anonymous_13)","decl":{"start":{"line":71,"column":39},"end":{"line":71,"column":46}},"loc":{"start":{"line":71,"column":92},"end":{"line":88,"column":2}}},"6":{"name":"(anonymous_14)","decl":{"start":{"line":71,"column":92},"end":{"line":71,"column":null}},"loc":{"start":{"line":71,"column":92},"end":{"line":88,"column":1}}},"7":{"name":"(anonymous_15)","decl":{"start":{"line":91,"column":39},"end":{"line":91,"column":46}},"loc":{"start":{"line":91,"column":92},"end":{"line":108,"column":2}}},"8":{"name":"(anonymous_16)","decl":{"start":{"line":91,"column":92},"end":{"line":91,"column":null}},"loc":{"start":{"line":91,"column":92},"end":{"line":108,"column":1}}}},"branchMap":{"0":{"loc":{"start":{"line":13,"column":4},"end":{"line":16,"column":5}},"type":"if","locations":[{"start":{"line":13,"column":4},"end":{"line":16,"column":5}}]},"1":{"loc":{"start":{"line":13,"column":8},"end":{"line":13,"column":27}},"type":"binary-expr","locations":[{"start":{"line":13,"column":8},"end":{"line":13,"column":14}},{"start":{"line":13,"column":18},"end":{"line":13,"column":27}}]},"2":{"loc":{"start":{"line":32,"column":4},"end":{"line":35,"column":5}},"type":"if","locations":[{"start":{"line":32,"column":4},"end":{"line":35,"column":5}}]},"3":{"loc":{"start":{"line":32,"column":8},"end":{"line":32,"column":27}},"type":"binary-expr","locations":[{"start":{"line":32,"column":8},"end":{"line":32,"column":14}},{"start":{"line":32,"column":18},"end":{"line":32,"column":27}}]},"4":{"loc":{"start":{"line":39,"column":4},"end":{"line":42,"column":5}},"type":"if","locations":[{"start":{"line":39,"column":4},"end":{"line":42,"column":5}}]},"5":{"loc":{"start":{"line":39,"column":8},"end":{"line":39,"column":70}},"type":"binary-expr","locations":[{"start":{"line":39,"column":8},"end":{"line":39,"column":13}},{"start":{"line":39,"column":17},"end":{"line":39,"column":70}}]},"6":{"loc":{"start":{"line":54,"column":4},"end":{"line":57,"column":5}},"type":"if","locations":[{"start":{"line":54,"column":4},"end":{"line":57,"column":5}}]},"7":{"loc":{"start":{"line":61,"column":4},"end":{"line":64,"column":5}},"type":"if","locations":[{"start":{"line":61,"column":4},"end":{"line":64,"column":5}}]},"8":{"loc":{"start":{"line":61,"column":8},"end":{"line":61,"column":47}},"type":"binary-expr","locations":[{"start":{"line":61,"column":8},"end":{"line":61,"column":16}},{"start":{"line":61,"column":20},"end":{"line":61,"column":47}}]},"9":{"loc":{"start":{"line":79,"column":8},"end":{"line":82,"column":9}},"type":"if","locations":[{"start":{"line":79,"column":8},"end":{"line":82,"column":9}}]},"10":{"loc":{"start":{"line":98,"column":8},"end":{"line":101,"column":9}},"type":"if","locations":[{"start":{"line":98,"column":8},"end":{"line":101,"column":9}}]}},"s":{"0":4,"1":4,"2":4,"3":4,"4":4,"5":4,"6":4,"7":0,"8":0,"9":0,"10":0,"11":0,"12":0,"13":0,"14":0,"15":0,"16":0,"17":4,"18":0,"19":0,"20":0,"21":0,"22":0,"23":0,"24":0,"25":0,"26":0,"27":0,"28":0,"29":0,"30":4,"31":0,"32":0,"33":0,"34":0,"35":0,"36":0,"37":0,"38":0,"39":0,"40":0,"41":4,"42":0,"43":0,"44":0,"45":0,"46":0,"47":0,"48":0,"49":0,"50":0,"51":4,"52":0,"53":0,"54":0,"55":0,"56":0,"57":0,"58":0,"59":0,"60":0,"61":0,"62":0,"63":4},"f":{"0":0,"1":0,"2":0,"3":0,"4":0,"5":0,"6":0,"7":0,"8":0},"b":{"0":[0],"1":[0,0],"2":[0],"3":[0,0],"4":[0],"5":[0,0],"6":[0],"7":[0],"8":[0,0],"9":[0],"10":[0]}}
,"D:\\workspace\\aiTasks\\src\\routes\\bookingRoutes.ts": {"path":"D:\\workspace\\aiTasks\\src\\routes\\bookingRoutes.ts","statementMap":{"0":{"start":{"line":1,"column":0},"end":{"line":1,"column":53}},"1":{"start":{"line":2,"column":0},"end":{"line":2,"column":40}},"2":{"start":{"line":4,"column":15},"end":{"line":4,"column":31}},"3":{"start":{"line":7,"column":0},"end":{"line":15,"column":3}},"4":{"start":{"line":7,"column":63},"end":{"line":15,"column":2}},"5":{"start":{"line":8,"column":51},"end":{"line":8,"column":59}},"6":{"start":{"line":9,"column":2},"end":{"line":14,"column":3}},"7":{"start":{"line":10,"column":20},"end":{"line":10,"column":82}},"8":{"start":{"line":11,"column":4},"end":{"line":11,"column":79}},"9":{"start":{"line":13,"column":4},"end":{"line":13,"column":71}},"10":{"start":{"line":18,"column":0},"end":{"line":25,"column":3}},"11":{"start":{"line":18,"column":62},"end":{"line":25,"column":2}},"12":{"start":{"line":19,"column":2},"end":{"line":24,"column":3}},"13":{"start":{"line":20,"column":21},"end":{"line":20,"column":44}},"14":{"start":{"line":21,"column":4},"end":{"line":21,"column":23}},"15":{"start":{"line":23,"column":4},"end":{"line":23,"column":74}},"16":{"start":{"line":28,"column":0},"end":{"line":40,"column":3}},"17":{"start":{"line":28,"column":66},"end":{"line":40,"column":2}},"18":{"start":{"line":29,"column":17},"end":{"line":29,"column":27}},"19":{"start":{"line":30,"column":2},"end":{"line":39,"column":3}},"20":{"start":{"line":31,"column":20},"end":{"line":31,"column":46}},"21":{"start":{"line":32,"column":4},"end":{"line":35,"column":5}},"22":{"start":{"line":33,"column":6},"end":{"line":33,"column":61}},"23":{"start":{"line":34,"column":6},"end":{"line":34,"column":13}},"24":{"start":{"line":36,"column":4},"end":{"line":36,"column":22}},"25":{"start":{"line":38,"column":4},"end":{"line":38,"column":73}},"26":{"start":{"line":43,"column":0},"end":{"line":56,"column":3}},"27":{"start":{"line":43,"column":74},"end":{"line":56,"column":2}},"28":{"start":{"line":44,"column":17},"end":{"line":44,"column":27}},"29":{"start":{"line":45,"column":2},"end":{"line":55,"column":3}},"30":{"start":{"line":46,"column":20},"end":{"line":46,"column":46}},"31":{"start":{"line":47,"column":4},"end":{"line":50,"column":5}},"32":{"start":{"line":48,"column":6},"end":{"line":48,"column":61}},"33":{"start":{"line":49,"column":6},"end":{"line":49,"column":13}},"34":{"start":{"line":51,"column":4},"end":{"line":51,"column":49}},"35":{"start":{"line":52,"column":4},"end":{"line":52,"column":68}},"36":{"start":{"line":54,"column":4},"end":{"line":54,"column":72}},"37":{"start":{"line":58,"column":0},"end":{"line":58,"column":22}}},"fnMap":{"0":{"name":"(anonymous_8)","decl":{"start":{"line":7,"column":25},"end":{"line":7,"column":32}},"loc":{"start":{"line":7,"column":63},"end":{"line":15,"column":2}}},"1":{"name":"(anonymous_9)","decl":{"start":{"line":7,"column":63},"end":{"line":7,"column":null}},"loc":{"start":{"line":7,"column":63},"end":{"line":15,"column":1}}},"2":{"name":"(anonymous_10)","decl":{"start":{"line":18,"column":24},"end":{"line":18,"column":31}},"loc":{"start":{"line":18,"column":62},"end":{"line":25,"column":2}}},"3":{"name":"(anonymous_11)","decl":{"start":{"line":18,"column":62},"end":{"line":18,"column":null}},"loc":{"start":{"line":18,"column":62},"end":{"line":25,"column":1}}},"4":{"name":"(anonymous_12)","decl":{"start":{"line":28,"column":28},"end":{"line":28,"column":35}},"loc":{"start":{"line":28,"column":66},"end":{"line":40,"column":2}}},"5":{"name":"(anonymous_13)","decl":{"start":{"line":28,"column":66},"end":{"line":28,"column":null}},"loc":{"start":{"line":28,"column":66},"end":{"line":40,"column":1}}},"6":{"name":"(anonymous_14)","decl":{"start":{"line":43,"column":36},"end":{"line":43,"column":43}},"loc":{"start":{"line":43,"column":74},"end":{"line":56,"column":2}}},"7":{"name":"(anonymous_15)","decl":{"start":{"line":43,"column":74},"end":{"line":43,"column":null}},"loc":{"start":{"line":43,"column":74},"end":{"line":56,"column":1}}}},"branchMap":{"0":{"loc":{"start":{"line":32,"column":4},"end":{"line":35,"column":5}},"type":"if","locations":[{"start":{"line":32,"column":4},"end":{"line":35,"column":5}}]},"1":{"loc":{"start":{"line":47,"column":4},"end":{"line":50,"column":5}},"type":"if","locations":[{"start":{"line":47,"column":4},"end":{"line":50,"column":5}}]}},"s":{"0":4,"1":4,"2":4,"3":4,"4":1,"5":1,"6":1,"7":1,"8":1,"9":0,"10":4,"11":1,"12":1,"13":1,"14":1,"15":0,"16":4,"17":1,"18":1,"19":1,"20":1,"21":1,"22":0,"23":0,"24":1,"25":0,"26":4,"27":1,"28":1,"29":1,"30":1,"31":1,"32":0,"33":0,"34":1,"35":1,"36":0,"37":4},"f":{"0":1,"1":1,"2":1,"3":1,"4":1,"5":1,"6":1,"7":1},"b":{"0":[0],"1":[0]}}
,"D:\\workspace\\aiTasks\\src\\routes\\destinationRoutes.ts": {"path":"D:\\workspace\\aiTasks\\src\\routes\\destinationRoutes.ts","statementMap":{"0":{"start":{"line":1,"column":0},"end":{"line":1,"column":53}},"1":{"start":{"line":2,"column":0},"end":{"line":2,"column":48}},"2":{"start":{"line":3,"column":0},"end":{"line":3,"column":36}},"3":{"start":{"line":5,"column":15},"end":{"line":5,"column":31}},"4":{"start":{"line":8,"column":0},"end":{"line":23,"column":3}},"5":{"start":{"line":8,"column":81},"end":{"line":23,"column":2}},"6":{"start":{"line":9,"column":21},"end":{"line":9,"column":39}},"7":{"start":{"line":10,"column":19},"end":{"line":10,"column":44}},"8":{"start":{"line":11,"column":4},"end":{"line":14,"column":5}},"9":{"start":{"line":12,"column":8},"end":{"line":12,"column":37}},"10":{"start":{"line":13,"column":8},"end":{"line":13,"column":15}},"11":{"start":{"line":16,"column":4},"end":{"line":22,"column":5}},"12":{"start":{"line":17,"column":29},"end":{"line":17,"column":56}},"13":{"start":{"line":18,"column":8},"end":{"line":18,"column":75}},"14":{"start":{"line":19,"column":8},"end":{"line":19,"column":31}},"15":{"start":{"line":21,"column":8},"end":{"line":21,"column":82}},"16":{"start":{"line":26,"column":0},"end":{"line":41,"column":3}},"17":{"start":{"line":26,"column":85},"end":{"line":41,"column":2}},"18":{"start":{"line":27,"column":19},"end":{"line":27,"column":29}},"19":{"start":{"line":29,"column":4},"end":{"line":40,"column":5}},"20":{"start":{"line":30,"column":28},"end":{"line":30,"column":58}},"21":{"start":{"line":32,"column":8},"end":{"line":35,"column":9}},"22":{"start":{"line":33,"column":12},"end":{"line":33,"column":71}},"23":{"start":{"line":34,"column":12},"end":{"line":34,"column":19}},"24":{"start":{"line":37,"column":8},"end":{"line":37,"column":30}},"25":{"start":{"line":39,"column":8},"end":{"line":39,"column":81}},"26":{"start":{"line":44,"column":0},"end":{"line":54,"column":3}},"27":{"start":{"line":44,"column":82},"end":{"line":54,"column":2}},"28":{"start":{"line":45,"column":55},"end":{"line":45,"column":63}},"29":{"start":{"line":47,"column":4},"end":{"line":53,"column":5}},"30":{"start":{"line":48,"column":28},"end":{"line":48,"column":96}},"31":{"start":{"line":49,"column":8},"end":{"line":49,"column":44}},"32":{"start":{"line":50,"column":8},"end":{"line":50,"column":91}},"33":{"start":{"line":52,"column":8},"end":{"line":52,"column":79}},"34":{"start":{"line":57,"column":0},"end":{"line":75,"column":3}},"35":{"start":{"line":57,"column":85},"end":{"line":75,"column":2}},"36":{"start":{"line":58,"column":19},"end":{"line":58,"column":29}},"37":{"start":{"line":59,"column":55},"end":{"line":59,"column":63}},"38":{"start":{"line":61,"column":4},"end":{"line":74,"column":5}},"39":{"start":{"line":62,"column":28},"end":{"line":62,"column":58}},"40":{"start":{"line":64,"column":8},"end":{"line":67,"column":9}},"41":{"start":{"line":65,"column":12},"end":{"line":65,"column":71}},"42":{"start":{"line":66,"column":12},"end":{"line":66,"column":19}},"43":{"start":{"line":69,"column":8},"end":{"line":69,"column":77}},"44":{"start":{"line":70,"column":8},"end":{"line":70,"column":44}},"45":{"start":{"line":71,"column":8},"end":{"line":71,"column":79}},"46":{"start":{"line":73,"column":8},"end":{"line":73,"column":79}},"47":{"start":{"line":78,"column":0},"end":{"line":95,"column":3}},"48":{"start":{"line":78,"column":88},"end":{"line":95,"column":2}},"49":{"start":{"line":79,"column":19},"end":{"line":79,"column":29}},"50":{"start":{"line":81,"column":4},"end":{"line":94,"column":5}},"51":{"start":{"line":82,"column":28},"end":{"line":82,"column":58}},"52":{"start":{"line":84,"column":8},"end":{"line":87,"column":9}},"53":{"start":{"line":85,"column":12},"end":{"line":85,"column":71}},"54":{"start":{"line":86,"column":12},"end":{"line":86,"column":19}},"55":{"start":{"line":89,"column":8},"end":{"line":89,"column":36}},"56":{"start":{"line":90,"column":8},"end":{"line":90,"column":44}},"57":{"start":{"line":91,"column":8},"end":{"line":91,"column":66}},"58":{"start":{"line":93,"column":8},"end":{"line":93,"column":79}},"59":{"start":{"line":97,"column":0},"end":{"line":97,"column":22}}},"fnMap":{"0":{"name":"(anonymous_8)","decl":{"start":{"line":8,"column":28},"end":{"line":8,"column":35}},"loc":{"start":{"line":8,"column":81},"end":{"line":23,"column":2}}},"1":{"name":"(anonymous_9)","decl":{"start":{"line":8,"column":81},"end":{"line":8,"column":null}},"loc":{"start":{"line":8,"column":81},"end":{"line":23,"column":1}}},"2":{"name":"(anonymous_10)","decl":{"start":{"line":26,"column":32},"end":{"line":26,"column":39}},"loc":{"start":{"line":26,"column":85},"end":{"line":41,"column":2}}},"3":{"name":"(anonymous_11)","decl":{"start":{"line":26,"column":85},"end":{"line":26,"column":null}},"loc":{"start":{"line":26,"column":85},"end":{"line":41,"column":1}}},"4":{"name":"(anonymous_12)","decl":{"start":{"line":44,"column":29},"end":{"line":44,"column":36}},"loc":{"start":{"line":44,"column":82},"end":{"line":54,"column":2}}},"5":{"name":"(anonymous_13)","decl":{"start":{"line":44,"column":82},"end":{"line":44,"column":null}},"loc":{"start":{"line":44,"column":82},"end":{"line":54,"column":1}}},"6":{"name":"(anonymous_14)","decl":{"start":{"line":57,"column":32},"end":{"line":57,"column":39}},"loc":{"start":{"line":57,"column":85},"end":{"line":75,"column":2}}},"7":{"name":"(anonymous_15)","decl":{"start":{"line":57,"column":85},"end":{"line":57,"column":null}},"loc":{"start":{"line":57,"column":85},"end":{"line":75,"column":1}}},"8":{"name":"(anonymous_16)","decl":{"start":{"line":78,"column":35},"end":{"line":78,"column":42}},"loc":{"start":{"line":78,"column":88},"end":{"line":95,"column":2}}},"9":{"name":"(anonymous_17)","decl":{"start":{"line":78,"column":88},"end":{"line":78,"column":null}},"loc":{"start":{"line":78,"column":88},"end":{"line":95,"column":1}}}},"branchMap":{"0":{"loc":{"start":{"line":11,"column":4},"end":{"line":14,"column":5}},"type":"if","locations":[{"start":{"line":11,"column":4},"end":{"line":14,"column":5}}]},"1":{"loc":{"start":{"line":32,"column":8},"end":{"line":35,"column":9}},"type":"if","locations":[{"start":{"line":32,"column":8},"end":{"line":35,"column":9}}]},"2":{"loc":{"start":{"line":64,"column":8},"end":{"line":67,"column":9}},"type":"if","locations":[{"start":{"line":64,"column":8},"end":{"line":67,"column":9}}]},"3":{"loc":{"start":{"line":84,"column":8},"end":{"line":87,"column":9}},"type":"if","locations":[{"start":{"line":84,"column":8},"end":{"line":87,"column":9}}]}},"s":{"0":4,"1":4,"2":4,"3":4,"4":4,"5":0,"6":0,"7":0,"8":0,"9":0,"10":0,"11":0,"12":0,"13":0,"14":0,"15":0,"16":4,"17":0,"18":0,"19":0,"20":0,"21":0,"22":0,"23":0,"24":0,"25":0,"26":4,"27":0,"28":0,"29":0,"30":0,"31":0,"32":0,"33":0,"34":4,"35":0,"36":0,"37":0,"38":0,"39":0,"40":0,"41":0,"42":0,"43":0,"44":0,"45":0,"46":0,"47":4,"48":0,"49":0,"50":0,"51":0,"52":0,"53":0,"54":0,"55":0,"56":0,"57":0,"58":0,"59":4},"f":{"0":0,"1":0,"2":0,"3":0,"4":0,"5":0,"6":0,"7":0,"8":0,"9":0},"b":{"0":[0],"1":[0],"2":[0],"3":[0]}}
,"D:\\workspace\\aiTasks\\src\\routes\\experienceRoutes.ts": {"path":"D:\\workspace\\aiTasks\\src\\routes\\experienceRoutes.ts","statementMap":{"0":{"start":{"line":1,"column":0},"end":{"line":1,"column":53}},"1":{"start":{"line":2,"column":0},"end":{"line":2,"column":46}},"2":{"start":{"line":4,"column":15},"end":{"line":4,"column":31}},"3":{"start":{"line":7,"column":0},"end":{"line":14,"column":3}},"4":{"start":{"line":7,"column":65},"end":{"line":14,"column":2}},"5":{"start":{"line":8,"column":2},"end":{"line":13,"column":3}},"6":{"start":{"line":9,"column":24},"end":{"line":9,"column":50}},"7":{"start":{"line":10,"column":4},"end":{"line":10,"column":26}},"8":{"start":{"line":12,"column":4},"end":{"line":12,"column":77}},"9":{"start":{"line":17,"column":0},"end":{"line":29,"column":3}},"10":{"start":{"line":17,"column":69},"end":{"line":29,"column":2}},"11":{"start":{"line":18,"column":17},"end":{"line":18,"column":27}},"12":{"start":{"line":19,"column":2},"end":{"line":28,"column":3}},"13":{"start":{"line":20,"column":23},"end":{"line":20,"column":52}},"14":{"start":{"line":21,"column":4},"end":{"line":24,"column":5}},"15":{"start":{"line":22,"column":6},"end":{"line":22,"column":64}},"16":{"start":{"line":23,"column":6},"end":{"line":23,"column":13}},"17":{"start":{"line":25,"column":4},"end":{"line":25,"column":25}},"18":{"start":{"line":27,"column":4},"end":{"line":27,"column":76}},"19":{"start":{"line":32,"column":0},"end":{"line":40,"column":3}},"20":{"start":{"line":32,"column":66},"end":{"line":40,"column":2}},"21":{"start":{"line":33,"column":71},"end":{"line":33,"column":79}},"22":{"start":{"line":34,"column":2},"end":{"line":39,"column":3}},"23":{"start":{"line":35,"column":23},"end":{"line":35,"column":108}},"24":{"start":{"line":36,"column":4},"end":{"line":36,"column":85}},"25":{"start":{"line":38,"column":4},"end":{"line":38,"column":74}},"26":{"start":{"line":43,"column":0},"end":{"line":57,"column":3}},"27":{"start":{"line":43,"column":69},"end":{"line":57,"column":2}},"28":{"start":{"line":44,"column":17},"end":{"line":44,"column":27}},"29":{"start":{"line":45,"column":71},"end":{"line":45,"column":79}},"30":{"start":{"line":46,"column":2},"end":{"line":56,"column":3}},"31":{"start":{"line":47,"column":23},"end":{"line":47,"column":52}},"32":{"start":{"line":48,"column":4},"end":{"line":51,"column":5}},"33":{"start":{"line":49,"column":6},"end":{"line":49,"column":64}},"34":{"start":{"line":50,"column":6},"end":{"line":50,"column":13}},"35":{"start":{"line":52,"column":4},"end":{"line":52,"column":90}},"36":{"start":{"line":53,"column":4},"end":{"line":53,"column":73}},"37":{"start":{"line":55,"column":4},"end":{"line":55,"column":74}},"38":{"start":{"line":60,"column":0},"end":{"line":73,"column":3}},"39":{"start":{"line":60,"column":72},"end":{"line":73,"column":2}},"40":{"start":{"line":61,"column":17},"end":{"line":61,"column":27}},"41":{"start":{"line":62,"column":2},"end":{"line":72,"column":3}},"42":{"start":{"line":63,"column":23},"end":{"line":63,"column":52}},"43":{"start":{"line":64,"column":4},"end":{"line":67,"column":5}},"44":{"start":{"line":65,"column":6},"end":{"line":65,"column":64}},"45":{"start":{"line":66,"column":6},"end":{"line":66,"column":13}},"46":{"start":{"line":68,"column":4},"end":{"line":68,"column":31}},"47":{"start":{"line":69,"column":4},"end":{"line":69,"column":61}},"48":{"start":{"line":71,"column":4},"end":{"line":71,"column":74}},"49":{"start":{"line":75,"column":0},"end":{"line":75,"column":22}}},"fnMap":{"0":{"name":"(anonymous_8)","decl":{"start":{"line":7,"column":27},"end":{"line":7,"column":34}},"loc":{"start":{"line":7,"column":65},"end":{"line":14,"column":2}}},"1":{"name":"(anonymous_9)","decl":{"start":{"line":7,"column":65},"end":{"line":7,"column":null}},"loc":{"start":{"line":7,"column":65},"end":{"line":14,"column":1}}},"2":{"name":"(anonymous_10)","decl":{"start":{"line":17,"column":31},"end":{"line":17,"column":38}},"loc":{"start":{"line":17,"column":69},"end":{"line":29,"column":2}}},"3":{"name":"(anonymous_11)","decl":{"start":{"line":17,"column":69},"end":{"line":17,"column":null}},"loc":{"start":{"line":17,"column":69},"end":{"line":29,"column":1}}},"4":{"name":"(anonymous_12)","decl":{"start":{"line":32,"column":28},"end":{"line":32,"column":35}},"loc":{"start":{"line":32,"column":66},"end":{"line":40,"column":2}}},"5":{"name":"(anonymous_13)","decl":{"start":{"line":32,"column":66},"end":{"line":32,"column":null}},"loc":{"start":{"line":32,"column":66},"end":{"line":40,"column":1}}},"6":{"name":"(anonymous_14)","decl":{"start":{"line":43,"column":31},"end":{"line":43,"column":38}},"loc":{"start":{"line":43,"column":69},"end":{"line":57,"column":2}}},"7":{"name":"(anonymous_15)","decl":{"start":{"line":43,"column":69},"end":{"line":43,"column":null}},"loc":{"start":{"line":43,"column":69},"end":{"line":57,"column":1}}},"8":{"name":"(anonymous_16)","decl":{"start":{"line":60,"column":34},"end":{"line":60,"column":41}},"loc":{"start":{"line":60,"column":72},"end":{"line":73,"column":2}}},"9":{"name":"(anonymous_17)","decl":{"start":{"line":60,"column":72},"end":{"line":60,"column":null}},"loc":{"start":{"line":60,"column":72},"end":{"line":73,"column":1}}}},"branchMap":{"0":{"loc":{"start":{"line":21,"column":4},"end":{"line":24,"column":5}},"type":"if","locations":[{"start":{"line":21,"column":4},"end":{"line":24,"column":5}}]},"1":{"loc":{"start":{"line":48,"column":4},"end":{"line":51,"column":5}},"type":"if","locations":[{"start":{"line":48,"column":4},"end":{"line":51,"column":5}}]},"2":{"loc":{"start":{"line":64,"column":4},"end":{"line":67,"column":5}},"type":"if","locations":[{"start":{"line":64,"column":4},"end":{"line":67,"column":5}}]}},"s":{"0":4,"1":4,"2":4,"3":4,"4":1,"5":1,"6":1,"7":1,"8":0,"9":4,"10":1,"11":1,"12":1,"13":1,"14":1,"15":0,"16":0,"17":1,"18":0,"19":4,"20":1,"21":1,"22":1,"23":1,"24":1,"25":0,"26":4,"27":1,"28":1,"29":1,"30":1,"31":1,"32":1,"33":0,"34":0,"35":1,"36":1,"37":0,"38":4,"39":1,"40":1,"41":1,"42":1,"43":1,"44":0,"45":0,"46":1,"47":1,"48":0,"49":4},"f":{"0":1,"1":1,"2":1,"3":1,"4":1,"5":1,"6":1,"7":1,"8":1,"9":1},"b":{"0":[0],"1":[0],"2":[0]}}
,"D:\\workspace\\aiTasks\\src\\routes\\reviewRoutes.ts": {"path":"D:\\workspace\\aiTasks\\src\\routes\\reviewRoutes.ts","statementMap":{"0":{"start":{"line":1,"column":0},"end":{"line":1,"column":53}},"1":{"start":{"line":2,"column":0},"end":{"line":2,"column":38}},"2":{"start":{"line":4,"column":15},"end":{"line":4,"column":31}},"3":{"start":{"line":7,"column":0},"end":{"line":15,"column":3}},"4":{"start":{"line":7,"column":62},"end":{"line":15,"column":2}},"5":{"start":{"line":8,"column":55},"end":{"line":8,"column":63}},"6":{"start":{"line":9,"column":2},"end":{"line":14,"column":3}},"7":{"start":{"line":10,"column":19},"end":{"line":10,"column":84}},"8":{"start":{"line":11,"column":4},"end":{"line":11,"column":77}},"9":{"start":{"line":13,"column":4},"end":{"line":13,"column":70}},"10":{"start":{"line":18,"column":0},"end":{"line":26,"column":3}},"11":{"start":{"line":18,"column":78},"end":{"line":26,"column":2}},"12":{"start":{"line":19,"column":17},"end":{"line":19,"column":27}},"13":{"start":{"line":20,"column":2},"end":{"line":25,"column":3}},"14":{"start":{"line":21,"column":20},"end":{"line":21,"column":75}},"15":{"start":{"line":22,"column":4},"end":{"line":22,"column":22}},"16":{"start":{"line":24,"column":4},"end":{"line":24,"column":73}},"17":{"start":{"line":28,"column":0},"end":{"line":28,"column":22}}},"fnMap":{"0":{"name":"(anonymous_8)","decl":{"start":{"line":7,"column":24},"end":{"line":7,"column":31}},"loc":{"start":{"line":7,"column":62},"end":{"line":15,"column":2}}},"1":{"name":"(anonymous_9)","decl":{"start":{"line":7,"column":62},"end":{"line":7,"column":null}},"loc":{"start":{"line":7,"column":62},"end":{"line":15,"column":1}}},"2":{"name":"(anonymous_10)","decl":{"start":{"line":18,"column":40},"end":{"line":18,"column":47}},"loc":{"start":{"line":18,"column":78},"end":{"line":26,"column":2}}},"3":{"name":"(anonymous_11)","decl":{"start":{"line":18,"column":78},"end":{"line":18,"column":null}},"loc":{"start":{"line":18,"column":78},"end":{"line":26,"column":1}}}},"branchMap":{},"s":{"0":4,"1":4,"2":4,"3":4,"4":1,"5":1,"6":1,"7":1,"8":1,"9":0,"10":4,"11":1,"12":1,"13":1,"14":1,"15":1,"16":0,"17":4},"f":{"0":1,"1":1,"2":1,"3":1},"b":{}}
,"D:\\workspace\\aiTasks\\src\\routes\\searchRoutes.ts": {"path":"D:\\workspace\\aiTasks\\src\\routes\\searchRoutes.ts","statementMap":{"0":{"start":{"line":1,"column":0},"end":{"line":1,"column":53}},"1":{"start":{"line":2,"column":0},"end":{"line":2,"column":31}},"2":{"start":{"line":3,"column":0},"end":{"line":3,"column":48}},"3":{"start":{"line":4,"column":0},"end":{"line":4,"column":46}},"4":{"start":{"line":6,"column":15},"end":{"line":6,"column":31}},"5":{"start":{"line":9,"column":0},"end":{"line":12,"column":3}},"6":{"start":{"line":10,"column":2},"end":{"line":10,"column":73}},"7":{"start":{"line":11,"column":2},"end":{"line":11,"column":9}},"8":{"start":{"line":15,"column":0},"end":{"line":29,"column":3}},"9":{"start":{"line":15,"column":73},"end":{"line":29,"column":2}},"10":{"start":{"line":16,"column":37},"end":{"line":16,"column":46}},"11":{"start":{"line":17,"column":21},"end":{"line":17,"column":23}},"12":{"start":{"line":19,"column":2},"end":{"line":19,"column":52}},"13":{"start":{"line":19,"column":12},"end":{"line":19,"column":52}},"14":{"start":{"line":20,"column":2},"end":{"line":20,"column":64}},"15":{"start":{"line":20,"column":16},"end":{"line":20,"column":64}},"16":{"start":{"line":21,"column":2},"end":{"line":21,"column":58}},"17":{"start":{"line":21,"column":14},"end":{"line":21,"column":58}},"18":{"start":{"line":23,"column":2},"end":{"line":28,"column":3}},"19":{"start":{"line":24,"column":25},"end":{"line":24,"column":61}},"20":{"start":{"line":25,"column":4},"end":{"line":25,"column":27}},"21":{"start":{"line":27,"column":4},"end":{"line":27,"column":77}},"22":{"start":{"line":32,"column":0},"end":{"line":47,"column":3}},"23":{"start":{"line":32,"column":72},"end":{"line":47,"column":2}},"24":{"start":{"line":33,"column":45},"end":{"line":33,"column":54}},"25":{"start":{"line":34,"column":21},"end":{"line":34,"column":23}},"26":{"start":{"line":36,"column":2},"end":{"line":36,"column":52}},"27":{"start":{"line":36,"column":12},"end":{"line":36,"column":52}},"28":{"start":{"line":37,"column":2},"end":{"line":37,"column":43}},"29":{"start":{"line":37,"column":12},"end":{"line":37,"column":43}},"30":{"start":{"line":38,"column":2},"end":{"line":38,"column":61}},"31":{"start":{"line":38,"column":16},"end":{"line":38,"column":61}},"32":{"start":{"line":39,"column":2},"end":{"line":39,"column":77}},"33":{"start":{"line":39,"column":16},"end":{"line":39,"column":77}},"34":{"start":{"line":41,"column":2},"end":{"line":46,"column":3}},"35":{"start":{"line":42,"column":24},"end":{"line":42,"column":59}},"36":{"start":{"line":43,"column":4},"end":{"line":43,"column":26}},"37":{"start":{"line":45,"column":4},"end":{"line":45,"column":76}},"38":{"start":{"line":49,"column":0},"end":{"line":49,"column":22}}},"fnMap":{"0":{"name":"(anonymous_8)","decl":{"start":{"line":9,"column":11},"end":{"line":9,"column":12}},"loc":{"start":{"line":9,"column":30},"end":{"line":12,"column":1}}},"1":{"name":"(anonymous_9)","decl":{"start":{"line":15,"column":35},"end":{"line":15,"column":42}},"loc":{"start":{"line":15,"column":73},"end":{"line":29,"column":2}}},"2":{"name":"(anonymous_10)","decl":{"start":{"line":15,"column":73},"end":{"line":15,"column":null}},"loc":{"start":{"line":15,"column":73},"end":{"line":29,"column":1}}},"3":{"name":"(anonymous_11)","decl":{"start":{"line":32,"column":34},"end":{"line":32,"column":41}},"loc":{"start":{"line":32,"column":72},"end":{"line":47,"column":2}}},"4":{"name":"(anonymous_12)","decl":{"start":{"line":32,"column":72},"end":{"line":32,"column":null}},"loc":{"start":{"line":32,"column":72},"end":{"line":47,"column":1}}}},"branchMap":{"0":{"loc":{"start":{"line":19,"column":2},"end":{"line":19,"column":52}},"type":"if","locations":[{"start":{"line":19,"column":2},"end":{"line":19,"column":52}}]},"1":{"loc":{"start":{"line":20,"column":2},"end":{"line":20,"column":64}},"type":"if","locations":[{"start":{"line":20,"column":2},"end":{"line":20,"column":64}}]},"2":{"loc":{"start":{"line":21,"column":2},"end":{"line":21,"column":58}},"type":"if","locations":[{"start":{"line":21,"column":2},"end":{"line":21,"column":58}}]},"3":{"loc":{"start":{"line":36,"column":2},"end":{"line":36,"column":52}},"type":"if","locations":[{"start":{"line":36,"column":2},"end":{"line":36,"column":52}}]},"4":{"loc":{"start":{"line":37,"column":2},"end":{"line":37,"column":43}},"type":"if","locations":[{"start":{"line":37,"column":2},"end":{"line":37,"column":43}}]},"5":{"loc":{"start":{"line":38,"column":2},"end":{"line":38,"column":61}},"type":"if","locations":[{"start":{"line":38,"column":2},"end":{"line":38,"column":61}}]},"6":{"loc":{"start":{"line":39,"column":2},"end":{"line":39,"column":77}},"type":"if","locations":[{"start":{"line":39,"column":2},"end":{"line":39,"column":77}}]}},"s":{"0":4,"1":4,"2":4,"3":4,"4":4,"5":4,"6":15,"7":15,"8":4,"9":2,"10":2,"11":2,"12":2,"13":1,"14":2,"15":1,"16":2,"17":0,"18":2,"19":2,"20":1,"21":1,"22":4,"23":2,"24":2,"25":2,"26":2,"27":1,"28":2,"29":0,"30":2,"31":1,"32":2,"33":1,"34":2,"35":2,"36":1,"37":1,"38":4},"f":{"0":15,"1":2,"2":2,"3":2,"4":2},"b":{"0":[1],"1":[1],"2":[0],"3":[1],"4":[0],"5":[1],"6":[1]}}
}
